<?xml version="1.0" encoding="UTF-8"?>
<testng-results skipped="0" failed="0" total="1" passed="1">
  <reporter-output>
  </reporter-output>
  <suite name="Default suite" duration-ms="48941" started-at="2019-07-28T12:16:39Z" finished-at="2019-07-28T12:17:28Z">
    <groups>
    </groups>
    <test name="Default test" duration-ms="48941" started-at="2019-07-28T12:16:39Z" finished-at="2019-07-28T12:17:28Z">
      <class name="gitTest.GitTest">
        <test-method status="PASS" signature="logintest()[pri:0, instance:gitTest.GitTest@2ff4f00f]" name="logintest" duration-ms="48877" started-at="2019-07-28T17:46:39Z" finished-at="2019-07-28T17:47:28Z">
          <reporter-output>
          </reporter-output>
        </test-method> <!-- logintest -->
      </class> <!-- gitTest.GitTest -->
    </test> <!-- Default test -->
  </suite> <!-- Default suite -->
</testng-results>
